16:50:42.771 [main] INFO  xyz.shi.HelloApp - Starting HelloApp using Java 1.8.0_381 on WIN-20230710BAT with PID 4860 (D:\project\StudySpringBoot\target\classes started by Administrator in D:\project\StudySpringBoot)
16:50:42.775 [main] INFO  xyz.shi.HelloApp - No active profile set, falling back to default profiles: default
16:50:44.122 [main] INFO  o.s.b.w.e.tomcat.TomcatWebServer - Tomcat initialized with port(s): 8082 (http)
16:50:44.131 [main] INFO  o.a.coyote.http11.Http11NioProtocol - Initializing ProtocolHandler ["http-nio-8082"]
16:50:44.132 [main] INFO  o.a.catalina.core.StandardService - Starting service [Tomcat]
16:50:44.132 [main] INFO  o.a.catalina.core.StandardEngine - Starting Servlet engine: [Apache Tomcat/9.0.46]
16:50:44.207 [main] INFO  o.a.c.c.C.[Tomcat].[localhost].[/] - Initializing Spring embedded WebApplicationContext
16:50:44.208 [main] INFO  o.s.b.w.s.c.ServletWebServerApplicationContext - Root WebApplicationContext: initialization completed in 1369 ms
16:50:45.251 [main] INFO  o.a.coyote.http11.Http11NioProtocol - Starting ProtocolHandler ["http-nio-8082"]
16:50:45.275 [main] INFO  o.s.b.w.e.tomcat.TomcatWebServer - Tomcat started on port(s): 8082 (http) with context path ''
16:50:45.288 [main] INFO  xyz.shi.HelloApp - Started HelloApp in 3.094 seconds (JVM running for 3.524)
16:50:45.289 [main] INFO  o.s.b.a.ApplicationAvailabilityBean - Application availability state LivenessState changed to CORRECT
16:50:45.291 [main] INFO  o.s.b.a.ApplicationAvailabilityBean - Application availability state ReadinessState changed to ACCEPTING_TRAFFIC
16:50:51.916 [http-nio-8082-exec-1] INFO  o.a.c.c.C.[Tomcat].[localhost].[/] - Initializing Spring DispatcherServlet 'dispatcherServlet'
16:50:51.916 [http-nio-8082-exec-1] INFO  o.s.web.servlet.DispatcherServlet - Initializing Servlet 'dispatcherServlet'
16:50:51.917 [http-nio-8082-exec-1] INFO  o.s.web.servlet.DispatcherServlet - Completed initialization in 1 ms
16:50:51.944 [http-nio-8082-exec-1] WARN  o.s.w.s.m.s.DefaultHandlerExceptionResolver - Resolved [org.springframework.web.method.annotation.MethodArgumentTypeMismatchException: Failed to convert value of type 'java.lang.String' to required type 'java.lang.Integer'; nested exception is java.lang.NumberFormatException: For input string: "A1"]
16:51:32.864 [main] INFO  xyz.shi.HelloApp - Starting HelloApp using Java 1.8.0_381 on WIN-20230710BAT with PID 5260 (D:\project\StudySpringBoot\target\classes started by Administrator in D:\project\StudySpringBoot)
16:51:32.867 [main] INFO  xyz.shi.HelloApp - No active profile set, falling back to default profiles: default
16:51:34.192 [main] INFO  o.s.b.w.e.tomcat.TomcatWebServer - Tomcat initialized with port(s): 8082 (http)
16:51:34.201 [main] INFO  o.a.coyote.http11.Http11NioProtocol - Initializing ProtocolHandler ["http-nio-8082"]
16:51:34.202 [main] INFO  o.a.catalina.core.StandardService - Starting service [Tomcat]
16:51:34.202 [main] INFO  o.a.catalina.core.StandardEngine - Starting Servlet engine: [Apache Tomcat/9.0.46]
16:51:34.276 [main] INFO  o.a.c.c.C.[Tomcat].[localhost].[/] - Initializing Spring embedded WebApplicationContext
16:51:34.276 [main] INFO  o.s.b.w.s.c.ServletWebServerApplicationContext - Root WebApplicationContext: initialization completed in 1347 ms
16:51:35.359 [main] INFO  o.a.coyote.http11.Http11NioProtocol - Starting ProtocolHandler ["http-nio-8082"]
16:51:35.376 [main] INFO  o.s.b.w.e.tomcat.TomcatWebServer - Tomcat started on port(s): 8082 (http) with context path ''
16:51:35.385 [main] INFO  xyz.shi.HelloApp - Started HelloApp in 3.1 seconds (JVM running for 3.564)
16:51:35.386 [main] INFO  o.s.b.a.ApplicationAvailabilityBean - Application availability state LivenessState changed to CORRECT
16:51:35.388 [main] INFO  o.s.b.a.ApplicationAvailabilityBean - Application availability state ReadinessState changed to ACCEPTING_TRAFFIC
16:51:41.391 [http-nio-8082-exec-1] INFO  o.a.c.c.C.[Tomcat].[localhost].[/] - Initializing Spring DispatcherServlet 'dispatcherServlet'
16:51:41.392 [http-nio-8082-exec-1] INFO  o.s.web.servlet.DispatcherServlet - Initializing Servlet 'dispatcherServlet'
16:51:41.392 [http-nio-8082-exec-1] INFO  o.s.web.servlet.DispatcherServlet - Completed initialization in 0 ms
16:51:41.425 [http-nio-8082-exec-1] WARN  o.s.w.s.m.s.DefaultHandlerExceptionResolver - Resolved [org.springframework.web.method.annotation.MethodArgumentTypeMismatchException: Failed to convert value of type 'java.lang.String' to required type 'java.lang.Integer'; nested exception is java.lang.NumberFormatException: For input string: "A1"]
16:52:06.838 [http-nio-8082-exec-3] INFO  com.zaxxer.hikari.HikariDataSource - HikariPool-1 - Starting...
16:52:07.426 [http-nio-8082-exec-3] INFO  com.zaxxer.hikari.HikariDataSource - HikariPool-1 - Start completed.
16:52:23.002 [main] INFO  xyz.shi.HelloApp - Starting HelloApp using Java 1.8.0_381 on WIN-20230710BAT with PID 5028 (D:\project\StudySpringBoot\target\classes started by Administrator in D:\project\StudySpringBoot)
16:52:23.005 [main] INFO  xyz.shi.HelloApp - No active profile set, falling back to default profiles: default
16:52:24.434 [main] INFO  o.s.b.w.e.tomcat.TomcatWebServer - Tomcat initialized with port(s): 8082 (http)
16:52:24.442 [main] INFO  o.a.coyote.http11.Http11NioProtocol - Initializing ProtocolHandler ["http-nio-8082"]
16:52:24.443 [main] INFO  o.a.catalina.core.StandardService - Starting service [Tomcat]
16:52:24.443 [main] INFO  o.a.catalina.core.StandardEngine - Starting Servlet engine: [Apache Tomcat/9.0.46]
16:52:24.510 [main] INFO  o.a.c.c.C.[Tomcat].[localhost].[/] - Initializing Spring embedded WebApplicationContext
16:52:24.511 [main] INFO  o.s.b.w.s.c.ServletWebServerApplicationContext - Root WebApplicationContext: initialization completed in 1449 ms
16:52:25.608 [main] INFO  o.a.coyote.http11.Http11NioProtocol - Starting ProtocolHandler ["http-nio-8082"]
16:52:25.638 [main] INFO  o.s.b.w.e.tomcat.TomcatWebServer - Tomcat started on port(s): 8082 (http) with context path ''
16:52:25.655 [main] INFO  xyz.shi.HelloApp - Started HelloApp in 3.243 seconds (JVM running for 3.67)
16:52:25.656 [main] INFO  o.s.b.a.ApplicationAvailabilityBean - Application availability state LivenessState changed to CORRECT
16:52:25.658 [main] INFO  o.s.b.a.ApplicationAvailabilityBean - Application availability state ReadinessState changed to ACCEPTING_TRAFFIC
16:52:25.721 [http-nio-8082-exec-1] INFO  o.a.c.c.C.[Tomcat].[localhost].[/] - Initializing Spring DispatcherServlet 'dispatcherServlet'
16:52:25.722 [http-nio-8082-exec-1] INFO  o.s.web.servlet.DispatcherServlet - Initializing Servlet 'dispatcherServlet'
16:52:25.723 [http-nio-8082-exec-1] INFO  o.s.web.servlet.DispatcherServlet - Completed initialization in 1 ms
16:52:25.917 [http-nio-8082-exec-1] INFO  com.zaxxer.hikari.HikariDataSource - HikariPool-1 - Starting...
16:52:26.504 [http-nio-8082-exec-1] INFO  com.zaxxer.hikari.HikariDataSource - HikariPool-1 - Start completed.
16:52:26.554 [http-nio-8082-exec-1] INFO  xyz.shi.service.UserService - total:36
16:52:26.554 [http-nio-8082-exec-1] INFO  xyz.shi.service.UserService - pages:36
